#
# There is insufficient memory for the Java Runtime Environment to continue.
# Native memory allocation (malloc) failed to allocate 1048576 bytes. Error detail: AllocateHeap
# Possible reasons:
#   The system is out of physical RAM or swap space
#   This process is running with CompressedOops enabled, and the Java Heap may be blocking the growth of the native heap
# Possible solutions:
#   Reduce memory load on the system
#   Increase physical memory or swap space
#   Check if swap backing store is full
#   Decrease Java heap size (-Xmx/-Xms)
#   Decrease number of Java threads
#   Decrease Java thread stack sizes (-Xss)
#   Set larger code cache with -XX:ReservedCodeCacheSize=
#   JVM is running with Unscaled Compressed Oops mode in which the Java heap is
#     placed in the first 4GB address space. The Java Heap base address is the
#     maximum limit for the native heap growth. Please use -XX:HeapBaseMinAddress
#     to set the Java Heap base and to place the Java Heap above 4GB virtual address.
# This output file may be truncated or incomplete.
#
#  Out of Memory Error (allocation.cpp:44), pid=6740, tid=40116
#
# JRE version:  (21.0.6+7) (build )
# Java VM: OpenJDK 64-Bit Server VM (21.0.6+7-LTS, mixed mode, tiered, compressed oops, compressed class ptrs, parallel gc, windows-amd64)
# No core dump will be written. Minidumps are not enabled by default on client versions of Windows
#

---------------  S U M M A R Y ------------

Command Line: --add-modules=ALL-SYSTEM --add-opens=java.base/java.util=ALL-UNNAMED --add-opens=java.base/java.lang=ALL-UNNAMED --add-opens=java.base/sun.nio.fs=ALL-UNNAMED -Declipse.application=org.eclipse.jdt.ls.core.id1 -Dosgi.bundles.defaultStartLevel=4 -Declipse.product=org.eclipse.jdt.ls.core.product -Djava.import.generatesMetadataFilesAtProjectRoot=false -DDetectVMInstallationsJob.disabled=true -Dfile.encoding=utf8 -XX:+UseParallelGC -XX:GCTimeRatio=4 -XX:AdaptiveSizePolicyWeight=90 -Dsun.zip.disableMemoryMapping=true -Xmx1G -Xms100m -Xlog:disable -javaagent:c:\Users\User\.vscode\extensions\redhat.java-1.40.0-win32-x64\lombok\lombok-1.18.36.jar -XX:+HeapDumpOnOutOfMemoryError -XX:HeapDumpPath=c:\Users\User\AppData\Roaming\Code\User\workspaceStorage\5752c683a571abbe465cb0d7f27b85a4\redhat.java -Daether.dependencyCollector.impl=bf c:\Users\User\.vscode\extensions\redhat.java-1.40.0-win32-x64\server\plugins\org.eclipse.equinox.launcher_1.6.1000.v20250131-0606.jar -configuration c:\Users\User\AppData\Roaming\Code\User\globalStorage\redhat.java\1.40.0\config_win -data c:\Users\User\AppData\Roaming\Code\User\workspaceStorage\5752c683a571abbe465cb0d7f27b85a4\redhat.java\jdt_ws --pipe=\\.\pipe\lsp-0d3b563c7bf92598a7932e78bedfc287-sock

Host: AMD Ryzen 9 5980HS with Radeon Graphics        , 16 cores, 31G,  Windows 11 , 64 bit Build 26100 (10.0.26100.3323)
Time: Sat Mar  8 16:22:44 2025 Eastern Standard Time elapsed time: 3.139462 seconds (0d 0h 0m 3s)

---------------  T H R E A D  ---------------

Current thread (0x0000029a11509dd0):  JavaThread "Unknown thread" [_thread_in_vm, id=40116, stack(0x000000c15d900000,0x000000c15da00000) (1024K)]

Stack: [0x000000c15d900000,0x000000c15da00000]
Native frames: (J=compiled Java code, j=interpreted, Vv=VM code, C=native code)
V  [jvm.dll+0x6cdee9]
V  [jvm.dll+0x8a83d1]
V  [jvm.dll+0x8aa8fe]
V  [jvm.dll+0x8aafe3]
V  [jvm.dll+0x27f706]
V  [jvm.dll+0xbfb37]
V  [jvm.dll+0x7022d0]
V  [jvm.dll+0x702e3c]
V  [jvm.dll+0x6dcc13]
V  [jvm.dll+0x871cdc]
V  [jvm.dll+0x3bc2dc]
V  [jvm.dll+0x85a868]
V  [jvm.dll+0x45066e]
V  [jvm.dll+0x4522b1]
C  [jli.dll+0x5278]
C  [ucrtbase.dll+0x37b0]
C  [KERNEL32.DLL+0x2e8d7]
C  [ntdll.dll+0xbbf6c]


---------------  P R O C E S S  ---------------

Threads class SMR info:
_java_thread_list=0x0000029a13a8a610, length=1, elements={
0x0000029a11509dd0
}

Java Threads: ( => current thread )
=>0x0000029a11509dd0 JavaThread "Unknown thread"             [_thread_in_vm, id=40116, stack(0x000000c15d900000,0x000000c15da00000) (1024K)]
Total: 1

Other Threads:
  0x0000029a27ceca00 WatcherThread "VM Periodic Task Thread"        [id=34392, stack(0x000000c15db00000,0x000000c15dc00000) (1024K)]
  0x0000029a13a3b130 WorkerThread "GC Thread#0"                     [id=43300, stack(0x000000c15da00000,0x000000c15db00000) (1024K)]
Total: 2

Threads with active compile tasks:
Total: 0

VM state: not at safepoint (normal execution)

VM Mutex/Monitor currently owned by a thread: None

Heap address: 0x00000000c0000000, size: 1024 MB, Compressed Oops mode: 32-bit

CDS archive(s) not mapped
Compressed class space mapped at: 0x0000000100000000-0x0000000140000000, reserved size: 1073741824
Narrow klass base: 0x0000000000000000, Narrow klass shift: 3, Narrow klass range: 0x140000000

GC Precious Log:
 CardTable entry size: 512
 CPUs: 16 total, 16 available
 Memory: 32160M
 Large Page Support: Disabled
 NUMA Support: Disabled
 Compressed Oops: Enabled (32-bit)
 Alignments: Space 512K, Generation 512K, Heap 2M
 Heap Min Capacity: 100M
 Heap Initial Capacity: 100M
 Heap Max Capacity: 1G
 Pre-touch: Disabled
 Parallel Workers: 13

Heap:
 PSYoungGen      total 29696K, used 512K [0x00000000eab00000, 0x00000000ecc00000, 0x0000000100000000)
  eden space 25600K, 2% used [0x00000000eab00000,0x00000000eab80070,0x00000000ec400000)
  from space 4096K, 0% used [0x00000000ec800000,0x00000000ec800000,0x00000000ecc00000)
  to   space 4096K, 0% used [0x00000000ec400000,0x00000000ec400000,0x00000000ec800000)
 ParOldGen       total 68608K, used 0K [0x00000000c0000000, 0x00000000c4300000, 0x00000000eab00000)
  object space 68608K, 0% used [0x00000000c0000000,0x00000000c0000000,0x00000000c4300000)
 Metaspace       used 1392K, committed 1472K, reserved 1114112K
  class space    used 109K, committed 128K, reserved 1048576K

Card table byte_map: [0x0000029a133c0000,0x0000029a135d0000] _byte_map_base: 0x0000029a12dc0000

Marking Bits: (ParMarkBitMap*) 0x00007ffc80963260
 Begin Bits: [0x0000029a25c10000, 0x0000029a26c10000)
 End Bits:   [0x0000029a26c10000, 0x0000029a27c10000)

Polling page: 0x0000029a11850000

Metaspace:

Usage:
  Non-class:      1.25 MB used.
      Class:    109.62 KB used.
       Both:      1.36 MB used.

Virtual space:
  Non-class space:       64.00 MB reserved,       1.31 MB (  2%) committed,  1 nodes.
      Class space:        1.00 GB reserved,     128.00 KB ( <1%) committed,  1 nodes.
             Both:        1.06 GB reserved,       1.44 MB ( <1%) committed. 

Chunk freelists:
   Non-Class:  12.00 MB
       Class:  15.75 MB
        Both:  27.75 MB

MaxMetaspaceSize: unlimited
CompressedClassSpaceSize: 1.00 GB
Initial GC threshold: 21.00 MB
Current GC threshold: 17179869184.00 GB
CDS: off
 - commit_granule_bytes: 65536.
 - commit_granule_words: 8192.
 - virtual_space_node_default_size: 8388608.
 - enlarge_chunks_in_place: 1.
 - use_allocation_guard: 0.


Internal statistics:

num_allocs_failed_limit: 0.
num_arena_births: 2.
num_arena_deaths: 0.
num_vsnodes_births: 2.
num_vsnodes_deaths: 0.
num_space_committed: 23.
num_space_uncommitted: 0.
num_chunks_returned_to_freelist: 0.
num_chunks_taken_from_freelist: 3.
num_chunk_merges: 0.
num_chunk_splits: 2.
num_chunks_enlarged: 0.
num_inconsistent_stats: 0.

CodeHeap 'non-profiled nmethods': size=119168Kb used=0Kb max_used=0Kb free=119168Kb
 bounds [0x0000029a1e7b0000, 0x0000029a1ea20000, 0x0000029a25c10000]
CodeHeap 'profiled nmethods': size=119104Kb used=0Kb max_used=0Kb free=119104Kb
 bounds [0x0000029a16c10000, 0x0000029a16e80000, 0x0000029a1e060000]
CodeHeap 'non-nmethods': size=7488Kb used=194Kb max_used=342Kb free=7293Kb
 bounds [0x0000029a1e060000, 0x0000029a1e2d0000, 0x0000029a1e7b0000]
 total_blobs=70 nmethods=0 adapters=48
 compilation: enabled
              stopped_count=0, restarted_count=0
 full_count=0

Compilation events (0 events):
No events

GC Heap History (0 events):
No events

Dll operation events (2 events):
Event: 0.044 Loaded shared library c:\Users\User\.vscode\extensions\redhat.java-1.40.0-win32-x64\jre\21.0.6-win32-x86_64\bin\java.dll
Event: 2.094 Loaded shared library c:\Users\User\.vscode\extensions\redhat.java-1.40.0-win32-x64\jre\21.0.6-win32-x86_64\bin\zip.dll

Deoptimization events (0 events):
No events

Classes loaded (20 events):
Event: 2.128 Loading class java/util/Iterator
Event: 2.128 Loading class java/util/Iterator done
Event: 2.128 Loading class java/lang/reflect/RecordComponent
Event: 2.128 Loading class java/lang/reflect/RecordComponent done
Event: 2.128 Loading class jdk/internal/vm/vector/VectorSupport
Event: 2.128 Loading class jdk/internal/vm/vector/VectorSupport done
Event: 2.128 Loading class jdk/internal/vm/vector/VectorSupport$VectorPayload
Event: 2.128 Loading class jdk/internal/vm/vector/VectorSupport$VectorPayload done
Event: 2.128 Loading class jdk/internal/vm/vector/VectorSupport$Vector
Event: 2.128 Loading class jdk/internal/vm/vector/VectorSupport$Vector done
Event: 2.128 Loading class jdk/internal/vm/vector/VectorSupport$VectorMask
Event: 2.128 Loading class jdk/internal/vm/vector/VectorSupport$VectorMask done
Event: 2.128 Loading class jdk/internal/vm/vector/VectorSupport$VectorShuffle
Event: 2.128 Loading class jdk/internal/vm/vector/VectorSupport$VectorShuffle done
Event: 2.128 Loading class jdk/internal/vm/FillerObject
Event: 2.129 Loading class jdk/internal/vm/FillerObject done
Event: 2.134 Loading class java/lang/NullPointerException
Event: 2.134 Loading class java/lang/NullPointerException done
Event: 2.134 Loading class java/lang/ArithmeticException
Event: 2.134 Loading class java/lang/ArithmeticException done

Classes unloaded (0 events):
No events

Classes redefined (0 events):
No events

Internal exceptions (0 events):
No events

ZGC Phase Switch (0 events):
No events

VM Operations (0 events):
No events

Memory protections (0 events):
No events

Nmethod flushes (0 events):
No events

Events (1 events):
Event: 2.089 Thread 0x0000029a11509dd0 Thread added: 0x0000029a11509dd0


Dynamic libraries:
0x00007ff6f38f0000 - 0x00007ff6f38fe000 	c:\Users\User\.vscode\extensions\redhat.java-1.40.0-win32-x64\jre\21.0.6-win32-x86_64\bin\java.exe
0x00007ffd42680000 - 0x00007ffd428e3000 	C:\WINDOWS\SYSTEM32\ntdll.dll
0x00007ffd411e0000 - 0x00007ffd412a7000 	C:\WINDOWS\System32\KERNEL32.DLL
0x00007ffd3fab0000 - 0x00007ffd3fe79000 	C:\WINDOWS\System32\KERNELBASE.dll
0x00007ffd40350000 - 0x00007ffd4049c000 	C:\WINDOWS\System32\ucrtbase.dll
0x00007ffd24900000 - 0x00007ffd24918000 	c:\Users\User\.vscode\extensions\redhat.java-1.40.0-win32-x64\jre\21.0.6-win32-x86_64\bin\jli.dll
0x00007ffd41990000 - 0x00007ffd41b5a000 	C:\WINDOWS\System32\USER32.dll
0x00007ffd2d030000 - 0x00007ffd2d2c0000 	C:\WINDOWS\WinSxS\amd64_microsoft.windows.common-controls_6595b64144ccf1df_6.0.26100.3323_none_3e088096e3344490\COMCTL32.dll
0x00007ffd3f930000 - 0x00007ffd3f957000 	C:\WINDOWS\System32\win32u.dll
0x00007ffd22e30000 - 0x00007ffd22e4e000 	c:\Users\User\.vscode\extensions\redhat.java-1.40.0-win32-x64\jre\21.0.6-win32-x86_64\bin\VCRUNTIME140.dll
0x00007ffd42370000 - 0x00007ffd42419000 	C:\WINDOWS\System32\msvcrt.dll
0x00007ffd424f0000 - 0x00007ffd4251a000 	C:\WINDOWS\System32\GDI32.dll
0x00007ffd3fe80000 - 0x00007ffd3ffb1000 	C:\WINDOWS\System32\gdi32full.dll
0x00007ffd3f880000 - 0x00007ffd3f923000 	C:\WINDOWS\System32\msvcp_win.dll
0x00007ffd41d40000 - 0x00007ffd41d6f000 	C:\WINDOWS\System32\IMM32.DLL
0x00007ffd261c0000 - 0x00007ffd261cc000 	c:\Users\User\.vscode\extensions\redhat.java-1.40.0-win32-x64\jre\21.0.6-win32-x86_64\bin\vcruntime140_1.dll
0x00007ffd05860000 - 0x00007ffd058ed000 	c:\Users\User\.vscode\extensions\redhat.java-1.40.0-win32-x64\jre\21.0.6-win32-x86_64\bin\msvcp140.dll
0x00007ffc7fcb0000 - 0x00007ffc80a40000 	c:\Users\User\.vscode\extensions\redhat.java-1.40.0-win32-x64\jre\21.0.6-win32-x86_64\bin\server\jvm.dll
0x00007ffd416a0000 - 0x00007ffd41752000 	C:\WINDOWS\System32\ADVAPI32.dll
0x00007ffd42420000 - 0x00007ffd424c6000 	C:\WINDOWS\System32\sechost.dll
0x00007ffd42520000 - 0x00007ffd42636000 	C:\WINDOWS\System32\RPCRT4.dll
0x00007ffd40e80000 - 0x00007ffd40ef4000 	C:\WINDOWS\System32\WS2_32.dll
0x00007ffd3f710000 - 0x00007ffd3f75e000 	C:\WINDOWS\SYSTEM32\POWRPROF.dll
0x00007ffd37540000 - 0x00007ffd37576000 	C:\WINDOWS\SYSTEM32\WINMM.dll
0x00007ffd376b0000 - 0x00007ffd376bb000 	C:\WINDOWS\SYSTEM32\VERSION.dll
0x00007ffd3f6f0000 - 0x00007ffd3f704000 	C:\WINDOWS\SYSTEM32\UMPDC.dll
0x00007ffd3e660000 - 0x00007ffd3e67a000 	C:\WINDOWS\SYSTEM32\kernel.appcore.dll
0x00007ffd255e0000 - 0x00007ffd255ea000 	c:\Users\User\.vscode\extensions\redhat.java-1.40.0-win32-x64\jre\21.0.6-win32-x86_64\bin\jimage.dll
0x00007ffd3cf90000 - 0x00007ffd3d1d1000 	C:\WINDOWS\SYSTEM32\DBGHELP.DLL
0x00007ffd412b0000 - 0x00007ffd41632000 	C:\WINDOWS\System32\combase.dll
0x00007ffd40630000 - 0x00007ffd40706000 	C:\WINDOWS\System32\OLEAUT32.dll
0x00007ffd1e0b0000 - 0x00007ffd1e0e9000 	C:\WINDOWS\SYSTEM32\dbgcore.DLL
0x00007ffd40130000 - 0x00007ffd401c9000 	C:\WINDOWS\System32\bcryptPrimitives.dll
0x00007ffd22520000 - 0x00007ffd2252f000 	c:\Users\User\.vscode\extensions\redhat.java-1.40.0-win32-x64\jre\21.0.6-win32-x86_64\bin\instrument.dll
0x00007ffd1dcc0000 - 0x00007ffd1dcdf000 	c:\Users\User\.vscode\extensions\redhat.java-1.40.0-win32-x64\jre\21.0.6-win32-x86_64\bin\java.dll
0x00007ffd192c0000 - 0x00007ffd192d8000 	c:\Users\User\.vscode\extensions\redhat.java-1.40.0-win32-x64\jre\21.0.6-win32-x86_64\bin\zip.dll

dbghelp: loaded successfully - version: 4.0.5 - missing functions: none
symbol engine: initialized successfully - sym options: 0x614 - pdb path: .;c:\Users\User\.vscode\extensions\redhat.java-1.40.0-win32-x64\jre\21.0.6-win32-x86_64\bin;C:\WINDOWS\SYSTEM32;C:\WINDOWS\WinSxS\amd64_microsoft.windows.common-controls_6595b64144ccf1df_6.0.26100.3323_none_3e088096e3344490;c:\Users\User\.vscode\extensions\redhat.java-1.40.0-win32-x64\jre\21.0.6-win32-x86_64\bin\server

VM Arguments:
jvm_args: --add-modules=ALL-SYSTEM --add-opens=java.base/java.util=ALL-UNNAMED --add-opens=java.base/java.lang=ALL-UNNAMED --add-opens=java.base/sun.nio.fs=ALL-UNNAMED -Declipse.application=org.eclipse.jdt.ls.core.id1 -Dosgi.bundles.defaultStartLevel=4 -Declipse.product=org.eclipse.jdt.ls.core.product -Djava.import.generatesMetadataFilesAtProjectRoot=false -DDetectVMInstallationsJob.disabled=true -Dfile.encoding=utf8 -XX:+UseParallelGC -XX:GCTimeRatio=4 -XX:AdaptiveSizePolicyWeight=90 -Dsun.zip.disableMemoryMapping=true -Xmx1G -Xms100m -Xlog:disable -javaagent:c:\Users\User\.vscode\extensions\redhat.java-1.40.0-win32-x64\lombok\lombok-1.18.36.jar -XX:+HeapDumpOnOutOfMemoryError -XX:HeapDumpPath=c:\Users\User\AppData\Roaming\Code\User\workspaceStorage\5752c683a571abbe465cb0d7f27b85a4\redhat.java -Daether.dependencyCollector.impl=bf 
java_command: c:\Users\User\.vscode\extensions\redhat.java-1.40.0-win32-x64\server\plugins\org.eclipse.equinox.launcher_1.6.1000.v20250131-0606.jar -configuration c:\Users\User\AppData\Roaming\Code\User\globalStorage\redhat.java\1.40.0\config_win -data c:\Users\User\AppData\Roaming\Code\User\workspaceStorage\5752c683a571abbe465cb0d7f27b85a4\redhat.java\jdt_ws --pipe=\\.\pipe\lsp-0d3b563c7bf92598a7932e78bedfc287-sock
java_class_path (initial): c:\Users\User\.vscode\extensions\redhat.java-1.40.0-win32-x64\server\plugins\org.eclipse.equinox.launcher_1.6.1000.v20250131-0606.jar
Launcher Type: SUN_STANDARD

[Global flags]
    uintx AdaptiveSizePolicyWeight                 = 90                                        {product} {command line}
     intx CICompilerCount                          = 12                                        {product} {ergonomic}
    uintx GCTimeRatio                              = 4                                         {product} {command line}
     bool HeapDumpOnOutOfMemoryError               = true                                   {manageable} {command line}
    ccstr HeapDumpPath                             = c:\Users\User\AppData\Roaming\Code\User\workspaceStorage\5752c683a571abbe465cb0d7f27b85a4\redhat.java         {manageable} {command line}
   size_t InitialHeapSize                          = 104857600                                 {product} {command line}
   size_t MaxHeapSize                              = 1073741824                                {product} {command line}
   size_t MaxNewSize                               = 357564416                                 {product} {ergonomic}
   size_t MinHeapDeltaBytes                        = 524288                                    {product} {ergonomic}
   size_t MinHeapSize                              = 104857600                                 {product} {command line}
   size_t NewSize                                  = 34603008                                  {product} {ergonomic}
    uintx NonNMethodCodeHeapSize                   = 7602480                                {pd product} {ergonomic}
    uintx NonProfiledCodeHeapSize                  = 122027880                              {pd product} {ergonomic}
   size_t OldSize                                  = 70254592                                  {product} {ergonomic}
    uintx ProfiledCodeHeapSize                     = 122027880                              {pd product} {ergonomic}
    uintx ReservedCodeCacheSize                    = 251658240                              {pd product} {ergonomic}
     bool SegmentedCodeCache                       = true                                      {product} {ergonomic}
   size_t SoftMaxHeapSize                          = 1073741824                             {manageable} {ergonomic}
     bool UseCompressedOops                        = true                           {product lp64_product} {ergonomic}
     bool UseLargePagesIndividualAllocation        = false                                  {pd product} {ergonomic}
     bool UseParallelGC                            = true                                      {product} {command line}

Logging:
Log output configuration:
 #0: stdout all=off uptime,level,tags foldmultilines=false
 #1: stderr all=off uptime,level,tags foldmultilines=false

Environment Variables:
PATH=C:\Program Files\Eclipse Adoptium\jdk-21.0.6.7-hotspot\bin;C:\Program Files (x86)\Common Files\Oracle\Java\java8path;C:\Program Files (x86)\Common Files\Oracle\Java\javapath;C:\WINDOWS\system32;C:\WINDOWS;C:\WINDOWS\System32\Wbem;C:\WINDOWS\System32\WindowsPowerShell\v1.0\;C:\WINDOWS\System32\OpenSSH\;C:\Program Files\dotnet\;C:\Program Files\Docker\Docker\resources\bin;C:\Users\User\Downloads\apache-maven-3.8.8\bin;C:\Program Files\nodejs\;C:\ProgramData\chocolatey\bin;C:\Users\User\AppData\Local\Programs\Python\Python312\Scripts\;C:\Users\User\AppData\Local\Programs\Python\Python312\;C:\Users\User\AppData\Local\Microsoft\WindowsApps;C:\Users\User\AppData\Local\Programs\Microsoft VS Code\bin;C:\Program Files\JetBrains\IntelliJ IDEA Community Edition 2024.3.4\bin;C:\Users\User\AppData\Roaming\npm
USERNAME=User
OS=Windows_NT
PROCESSOR_IDENTIFIER=AMD64 Family 25 Model 80 Stepping 0, AuthenticAMD
TMP=C:\Users\User\AppData\Local\Temp
TEMP=C:\Users\User\AppData\Local\Temp




Periodic native trim disabled

---------------  S Y S T E M  ---------------

OS:
 Windows 11 , 64 bit Build 26100 (10.0.26100.3323)
OS uptime: 1 days 6:51 hours
Hyper-V role detected

CPU: total 16 (initial active 16) (16 cores per cpu, 2 threads per core) family 25 model 80 stepping 0 microcode 0xa50000c, cx8, cmov, fxsr, ht, mmx, 3dnowpref, sse, sse2, sse3, ssse3, sse4a, sse4.1, sse4.2, popcnt, lzcnt, tsc, tscinvbit, avx, avx2, aes, erms, clmul, bmi1, bmi2, adx, sha, fma, vzeroupper, clflush, clflushopt, hv, rdtscp, rdpid, fsrm, f16c, cet_ss
Processor Information for the first 16 processors :
  Max Mhz: 3301, Current Mhz: 3301, Mhz Limit: 3301

Memory: 4k page, system-wide physical 32160M (16359M free)
TotalPageFile size 93099M (AvailPageFile size 0M)
current process WorkingSet (physical memory assigned to process): 18M, peak: 18M
current process commit charge ("private bytes"): 150M, peak: 157M

vm_info: OpenJDK 64-Bit Server VM (21.0.6+7-LTS) for windows-amd64 JRE (21.0.6+7-LTS), built on 2025-01-21T00:00:00Z by "admin" with MS VC++ 17.7 (VS2022)

END.
